<?xml version="1.0" encoding="UTF-8"?>
<!-- Generated by org.testng.reporters.JUnitXMLReporter -->
<testsuite ignored="4" hostname="IMCTBCP88-MSL1" failures="0" tests="8" name="Biketest" time="0.071" errors="0" timestamp="2022-07-27T08:47:12 IST">
  <testcase classname="MavenDemoGroId.MavenDemoArtId.Bike" name="honda" time="0.005"/>
  <testcase classname="MavenDemoGroId.MavenDemoArtId.Bike" name="bullet" time="0.002"/>
  <testcase classname="MavenDemoGroId.MavenDemoArtId.tempo" name="Rickshaw" time="0.002"/>
  <testcase classname="MavenDemoGroId.MavenDemoArtId.tempo" name="Tempovikram" time="0.001"/>
  <testcase classname="MavenDemoGroId.MavenDemoArtId.Car" name="brezza" time="0.006"/>
  <testcase classname="MavenDemoGroId.MavenDemoArtId.Car" name="kia" time="0.002"/>
  <testcase classname="MavenDemoGroId.MavenDemoArtId.Car" name="swift" time="0.002"/>
  <testcase classname="Package2.Cycle" name="BSA" time="0.001"/>
  <testcase classname="MavenDemoGroId.MavenDemoArtId.RacingBikes" name="FZ" time="0.0">
    <ignored/>
  </testcase> <!-- FZ -->
  <testcase classname="MavenDemoGroId.MavenDemoArtId.Bike" name="yamaha" time="0.0">
    <ignored/>
  </testcase> <!-- yamaha -->
  <testcase classname="MavenDemoGroId.MavenDemoArtId.tempo" name="Tempotirri" time="0.0">
    <ignored/>
  </testcase> <!-- Tempotirri -->
  <testcase classname="Package2.Cycle" name="Hercules" time="0.0">
    <ignored/>
  </testcase> <!-- Hercules -->
</testsuite> <!-- Biketest -->
