<?xml version="1.0" encoding="UTF-8"?>
<!-- Generated by org.testng.reporters.JUnitXMLReporter -->
<testsuite ignored="0" hostname="IMCTBCP88-MSL1" failures="0" tests="4" name="Default test" time="0.054" errors="0" timestamp="2022-07-31T08:44:05 IST">
  <testcase classname="Package2.Cycle" name="BSA" time="0.007"/>
  <testcase classname="Package2.Cycle" name="BSA" time="0.002"/>
  <testcase classname="Package2.Cycle" name="BSA" time="0.001"/>
  <testcase classname="Package2.Cycle" name="Hercules" time="0.002"/>
</testsuite> <!-- Default test -->
