<?xml version="1.0" encoding="UTF-8"?>
<!-- Generated by org.testng.reporters.JUnitXMLReporter -->
<testsuite ignored="0" hostname="IMCTBCP88-MSL1" failures="1" tests="4" name="TwoWheelerTest" time="0.051" errors="0" timestamp="2022-08-01T08:28:45 IST">
  <testcase classname="Package2.Cycle" name="BSA" time="0.008"/>
  <testcase classname="Package2.Cycle" name="BSA" time="0.004"/>
  <testcase classname="Package2.Cycle" name="BSA" time="0.002"/>
  <testcase classname="Package2.Cycle" name="Hercules" time="0.001">
    <failure type="junit.framework.AssertionFailedError">
      <![CDATA[junit.framework.AssertionFailedError
at junit.framework.Assert.fail(Assert.java:47)
at junit.framework.Assert.assertTrue(Assert.java:20)
at junit.framework.Assert.assertTrue(Assert.java:27)
at Package2.Cycle.Hercules(Cycle.java:25)
at java.base/java.util.ArrayList.forEach(ArrayList.java:1511)
at java.base/java.util.concurrent.FutureTask.run(FutureTask.java:264)
at java.base/java.util.concurrent.ThreadPoolExecutor.runWorker(ThreadPoolExecutor.java:1130)
at java.base/java.util.concurrent.ThreadPoolExecutor$Worker.run(ThreadPoolExecutor.java:630)
at java.base/java.lang.Thread.run(Thread.java:832)
... Removed 18 stack frames]]>
    </failure>
  </testcase> <!-- Hercules -->
</testsuite> <!-- TwoWheelerTest -->
