<?xml version="1.0" encoding="UTF-8"?>
<!-- Generated by org.testng.reporters.JUnitXMLReporter -->
<testsuite hostname="IMCTBCP88-MSL1" ignored="2" name="3WheelerTest" tests="1" failures="0" timestamp="2022-07-26T18:42:31 IST" time="0.001" errors="0">
  <testcase name="Rickshaw" time="0.0" classname="MavenDemoGroId.MavenDemoArtId.tempo"/>
  <testcase name="Tempotirri" time="0.0" classname="MavenDemoGroId.MavenDemoArtId.tempo">
    <ignored/>
  </testcase> <!-- Tempotirri -->
  <testcase name="Tempovikram" time="0.0" classname="MavenDemoGroId.MavenDemoArtId.tempo">
    <ignored/>
  </testcase> <!-- Tempovikram -->
</testsuite> <!-- 3WheelerTest -->
