<?xml version="1.0" encoding="UTF-8"?>
<!-- Generated by org.testng.reporters.JUnitXMLReporter -->
<testsuite hostname="IMCTBCP88-MSL1" ignored="8" name="Biketest" tests="4" failures="0" timestamp="2022-07-27T08:26:26 IST" time="0.044" errors="0">
  <testcase name="yamaha" time="0.005" classname="MavenDemoGroId.MavenDemoArtId.Bike"/>
  <testcase name="FZ" time="0.0" classname="MavenDemoGroId.MavenDemoArtId.RacingBikes"/>
  <testcase name="Tempotirri" time="0.0" classname="MavenDemoGroId.MavenDemoArtId.tempo"/>
  <testcase name="Hercules" time="0.0" classname="Package2.Cycle"/>
  <testcase name="bullet" time="0.0" classname="MavenDemoGroId.MavenDemoArtId.Bike">
    <ignored/>
  </testcase> <!-- bullet -->
  <testcase name="honda" time="0.0" classname="MavenDemoGroId.MavenDemoArtId.Bike">
    <ignored/>
  </testcase> <!-- honda -->
  <testcase name="Rickshaw" time="0.0" classname="MavenDemoGroId.MavenDemoArtId.tempo">
    <ignored/>
  </testcase> <!-- Rickshaw -->
  <testcase name="kia" time="0.0" classname="MavenDemoGroId.MavenDemoArtId.Car">
    <ignored/>
  </testcase> <!-- kia -->
  <testcase name="BSA" time="0.0" classname="Package2.Cycle">
    <ignored/>
  </testcase> <!-- BSA -->
  <testcase name="Tempovikram" time="0.0" classname="MavenDemoGroId.MavenDemoArtId.tempo">
    <ignored/>
  </testcase> <!-- Tempovikram -->
  <testcase name="swift" time="0.0" classname="MavenDemoGroId.MavenDemoArtId.Car">
    <ignored/>
  </testcase> <!-- swift -->
  <testcase name="brezza" time="0.0" classname="MavenDemoGroId.MavenDemoArtId.Car">
    <ignored/>
  </testcase> <!-- brezza -->
</testsuite> <!-- Biketest -->
