<?xml version="1.0" encoding="UTF-8"?>
<!-- Generated by org.testng.reporters.JUnitXMLReporter -->
<testsuite ignored="0" hostname="IMCTBCP88-MSL1" failures="0" tests="4" name="Test" time="0.053" errors="0" timestamp="2022-07-26T06:30:53 IST">
  <testcase classname="MavenDemoGroId.MavenDemoArtId.Car" name="brezza" time="0.006"/>
  <testcase classname="MavenDemoGroId.MavenDemoArtId.Car" name="swift" time="0.002"/>
  <testcase classname="MavenDemoGroId.MavenDemoArtId.Bike" name="bullet" time="0.002"/>
  <testcase classname="MavenDemoGroId.MavenDemoArtId.Bike" name="yamaha" time="0.0"/>
</testsuite> <!-- Test -->
