<?xml version="1.0" encoding="UTF-8"?>
<!-- Generated by org.testng.reporters.JUnitXMLReporter -->
<testsuite ignored="0" hostname="IMCTBCP88-MSL1" failures="0" tests="3" name="Biketest" time="0.048" errors="0" timestamp="2022-07-26T07:30:56 IST">
  <testcase classname="MavenDemoGroId.MavenDemoArtId.Bike" name="bullet" time="0.007"/>
  <testcase classname="MavenDemoGroId.MavenDemoArtId.Bike" name="honda" time="0.001"/>
  <testcase classname="MavenDemoGroId.MavenDemoArtId.Bike" name="yamaha" time="0.001"/>
</testsuite> <!-- Biketest -->
