<?xml version="1.0" encoding="UTF-8"?>
<!-- Generated by org.testng.reporters.JUnitXMLReporter -->
<testsuite ignored="0" hostname="IMCTBCP88-MSL1" failures="0" tests="5" name="BikeNCarTest" time="0.065" errors="0" timestamp="2022-07-26T06:56:37 IST">
  <testcase classname="MavenDemoGroId.MavenDemoArtId.Car" name="brezza" time="0.008"/>
  <testcase classname="MavenDemoGroId.MavenDemoArtId.Car" name="swift" time="0.001"/>
  <testcase classname="MavenDemoGroId.MavenDemoArtId.Bike" name="bullet" time="0.002"/>
  <testcase classname="MavenDemoGroId.MavenDemoArtId.Bike" name="honda" time="0.0"/>
  <testcase classname="MavenDemoGroId.MavenDemoArtId.Bike" name="yamaha" time="0.002"/>
</testsuite> <!-- BikeNCarTest -->
