<?xml version="1.0" encoding="UTF-8"?>
<!-- Generated by org.testng.reporters.JUnitXMLReporter -->
<testsuite ignored="2" hostname="IMCTBCP88-MSL1" failures="0" tests="1" name="CarTest" time="0.005" errors="0" timestamp="2022-07-26T07:30:56 IST">
  <testcase classname="MavenDemoGroId.MavenDemoArtId.Car" name="kia" time="0.001"/>
  <testcase classname="MavenDemoGroId.MavenDemoArtId.Car" name="brezza" time="0.0">
    <ignored/>
  </testcase> <!-- brezza -->
  <testcase classname="MavenDemoGroId.MavenDemoArtId.Car" name="swift" time="0.0">
    <ignored/>
  </testcase> <!-- swift -->
</testsuite> <!-- CarTest -->
