<?xml version="1.0" encoding="UTF-8"?>
<!-- Generated by org.testng.reporters.JUnitXMLReporter -->
<testsuite ignored="0" hostname="IMCTBCP88-MSL1" failures="0" tests="10" name="EntirePackageTest" time="0.054" errors="0" timestamp="2022-07-27T08:21:15 IST">
  <testcase classname="MavenDemoGroId.MavenDemoArtId.Bike" name="bullet" time="0.004"/>
  <testcase classname="MavenDemoGroId.MavenDemoArtId.Bike" name="honda" time="0.001"/>
  <testcase classname="MavenDemoGroId.MavenDemoArtId.Bike" name="yamaha" time="0.0"/>
  <testcase classname="MavenDemoGroId.MavenDemoArtId.Car" name="brezza" time="0.001"/>
  <testcase classname="MavenDemoGroId.MavenDemoArtId.Car" name="kia" time="0.001"/>
  <testcase classname="MavenDemoGroId.MavenDemoArtId.Car" name="swift" time="0.001"/>
  <testcase classname="MavenDemoGroId.MavenDemoArtId.RacingBikes" name="FZ" time="0.001"/>
  <testcase classname="MavenDemoGroId.MavenDemoArtId.tempo" name="Rickshaw" time="0.001"/>
  <testcase classname="MavenDemoGroId.MavenDemoArtId.tempo" name="Tempotirri" time="0.0"/>
  <testcase classname="MavenDemoGroId.MavenDemoArtId.tempo" name="Tempovikram" time="0.001"/>
</testsuite> <!-- EntirePackageTest -->
