<?xml version="1.0" encoding="UTF-8"?>
<!-- Generated by org.testng.reporters.JUnitXMLReporter -->
<testsuite hostname="IMCTBCP88-MSL1" ignored="0" name="EntirePackageTest" tests="10" failures="0" timestamp="2022-07-27T08:25:51 IST" time="0.041" errors="0">
  <testcase name="bullet" time="0.001" classname="MavenDemoGroId.MavenDemoArtId.Bike"/>
  <testcase name="honda" time="0.001" classname="MavenDemoGroId.MavenDemoArtId.Bike"/>
  <testcase name="yamaha" time="0.001" classname="MavenDemoGroId.MavenDemoArtId.Bike"/>
  <testcase name="brezza" time="0.0" classname="MavenDemoGroId.MavenDemoArtId.Car"/>
  <testcase name="kia" time="0.0" classname="MavenDemoGroId.MavenDemoArtId.Car"/>
  <testcase name="swift" time="0.001" classname="MavenDemoGroId.MavenDemoArtId.Car"/>
  <testcase name="FZ" time="0.0" classname="MavenDemoGroId.MavenDemoArtId.RacingBikes"/>
  <testcase name="Rickshaw" time="0.0" classname="MavenDemoGroId.MavenDemoArtId.tempo"/>
  <testcase name="Tempotirri" time="0.001" classname="MavenDemoGroId.MavenDemoArtId.tempo"/>
  <testcase name="Tempovikram" time="0.0" classname="MavenDemoGroId.MavenDemoArtId.tempo"/>
</testsuite> <!-- EntirePackageTest -->
