<?xml version="1.0" encoding="UTF-8"?>
<!-- Generated by org.testng.reporters.JUnitXMLReporter -->
<testsuite ignored="2" hostname="IMCTBCP88-MSL1" failures="0" tests="1" name="3WheelerTest" time="0.011" errors="0" timestamp="2022-07-26T07:56:29 IST">
  <testcase classname="MavenDemoGroId.MavenDemoArtId.tempo" name="Rickshaw" time="0.003"/>
  <testcase classname="MavenDemoGroId.MavenDemoArtId.tempo" name="Tempotirri" time="0.0">
    <ignored/>
  </testcase> <!-- Tempotirri -->
  <testcase classname="MavenDemoGroId.MavenDemoArtId.tempo" name="Tempovikram" time="0.0">
    <ignored/>
  </testcase> <!-- Tempovikram -->
</testsuite> <!-- 3WheelerTest -->
