<?xml version="1.0" encoding="UTF-8"?>
<testsuite xmlns:xsi="http://www.w3.org/2001/XMLSchema-instance" xsi:noNamespaceSchemaLocation="https://maven.apache.org/surefire/maven-surefire-plugin/xsd/surefire-test-report-3.0.xsd" version="3.0" name="TestSuite" time="1.06" tests="4" errors="0" skipped="0" failures="0">
  <properties>
[...]
</properties>
  <testcase name="yamaha" classname="MavenDemoGroId.MavenDemoArtId.Bike" time="0.006">
    <system-out><![CDATA[this is yamaha
]]></system-out>
    <system-err><![CDATA[SLF4J: Failed to load class "org.slf4j.impl.StaticLoggerBinder".
SLF4J: Defaulting to no-operation (NOP) logger implementation
SLF4J: See http://www.slf4j.org/codes.html#StaticLoggerBinder for further details.
]]></system-err>
  </testcase>
  <testcase name="FZ" classname="MavenDemoGroId.MavenDemoArtId.RacingBikes" time="0.001">
    <system-out><![CDATA[This is FZ
]]></system-out>
  </testcase>
  <testcase name="Tempotirri" classname="MavenDemoGroId.MavenDemoArtId.tempo" time="0.002">
    <system-out><![CDATA[this is tirri
]]></system-out>
  </testcase>
  <testcase name="Hercules" classname="Package2.Cycle" time="0.001">
    <system-out><![CDATA[this is hercules
]]></system-out>
  </testcase>
</testsuite>